#
# There is insufficient memory for the Java Runtime Environment to continue.
# Native memory allocation (mmap) failed to map 65011712 bytes for G1 virtual space
# Possible reasons:
#   The system is out of physical RAM or swap space
#   The process is running with CompressedOops enabled, and the Java Heap may be blocking the growth of the native heap
# Possible solutions:
#   Reduce memory load on the system
#   Increase physical memory or swap space
#   Check if swap backing store is full
#   Decrease Java heap size (-Xmx/-Xms)
#   Decrease number of Java threads
#   Decrease Java thread stack sizes (-Xss)
#   Set larger code cache with -XX:ReservedCodeCacheSize=
#   JVM is running with Unscaled Compressed Oops mode in which the Java heap is
#     placed in the first 4GB address space. The Java Heap base address is the
#     maximum limit for the native heap growth. Please use -XX:HeapBaseMinAddress
#     to set the Java Heap base and to place the Java Heap above 4GB virtual address.
# This output file may be truncated or incomplete.
#
#  Out of Memory Error (os_windows.cpp:3466), pid=13520, tid=19112
#
# JRE version:  (16.0.2+7) (build )
# Java VM: Java HotSpot(TM) 64-Bit Server VM (16.0.2+7-67, mixed mode, sharing, tiered, compressed oops, compressed class ptrs, g1 gc, windows-amd64)
# No core dump will be written. Minidumps are not enabled by default on client versions of Windows
#

---------------  S U M M A R Y ------------

Command Line: -Dfile.encoding=MS949 -XX:+ShowCodeDetailsInExceptionMessages CMDProgram.CMD

Host: Intel(R) Core(TM) i3-8130U CPU @ 2.20GHz, 4 cores, 3G,  Windows 10 , 64 bit Build 19041 (10.0.19041.1466)
Time: Mon May 30 14:17:25 2022  Windows 10 , 64 bit Build 19041 (10.0.19041.1466) elapsed time: 0.051839 seconds (0d 0h 0m 0s)

---------------  T H R E A D  ---------------

Current thread (0x0000025a7fcb95b0):  JavaThread "Unknown thread" [_thread_in_vm, id=19112, stack(0x000000ca2fd00000,0x000000ca2fe00000)]

Stack: [0x000000ca2fd00000,0x000000ca2fe00000]
Native frames: (J=compiled Java code, j=interpreted, Vv=VM code, C=native code)
V  [jvm.dll+0x6681ca]
V  [jvm.dll+0x7c9e69]
V  [jvm.dll+0x7cb61e]
V  [jvm.dll+0x7cbc73]
V  [jvm.dll+0x242c55]
V  [jvm.dll+0x664f89]
V  [jvm.dll+0x659b75]
V  [jvm.dll+0x2fbfbb]
V  [jvm.dll+0x3031b6]
V  [jvm.dll+0x35299e]
V  [jvm.dll+0x352bcf]
V  [jvm.dll+0x2d3028]
V  [jvm.dll+0x2d4264]
V  [jvm.dll+0x79c741]
V  [jvm.dll+0x360791]
V  [jvm.dll+0x77a3f0]
V  [jvm.dll+0x3e4e8f]
V  [jvm.dll+0x3e6961]
C  [jli.dll+0x52fb]
C  [ucrtbase.dll+0x21bb2]
C  [KERNEL32.DLL+0x17034]
C  [ntdll.dll+0x52651]


---------------  P R O C E S S  ---------------

Threads class SMR info:
_java_thread_list=0x00007ffa9dffcbb8, length=0, elements={
}

Java Threads: ( => current thread )

Other Threads:
  0x0000025a7fce9220 GCTaskThread "GC Thread#0" [stack: 0x000000ca2fe00000,0x000000ca2ff00000] [id=15920]
  0x0000025a7fcf38e0 ConcurrentGCThread "G1 Main Marker" [stack: 0x000000ca2ff00000,0x000000ca30000000] [id=1200]
  0x0000025a7fcf4260 ConcurrentGCThread "G1 Conc#0" [stack: 0x000000ca30000000,0x000000ca30100000] [id=20096]

[error occurred during error reporting (printing all threads), id 0xc0000005, EXCEPTION_ACCESS_VIOLATION (0xc0000005) at pc=0x00007ffa9d7d3ee7]

VM state: not at safepoint (not fully initialized)

VM Mutex/Monitor currently owned by a thread:  ([mutex/lock_event])
[0x0000025a7fcb5d30] Heap_lock - owner thread: 0x0000025a7fcb95b0

Heap address: 0x00000000c2200000, size: 990 MB, Compressed Oops mode: 32-bit

CDS archive(s) mapped at: [0x0000000000000000-0x0000000000000000-0x0000000000000000), size 0, SharedBaseAddress: 0x0000000800000000, ArchiveRelocationMode: 0.
Narrow klass base: 0x0000000000000000, Narrow klass shift: 0, Narrow klass range: 0x0

GC Precious Log:
<Empty>

Heap:
 garbage-first heap   total 0K, used 0K [0x00000000c2200000, 0x0000000100000000)
  region size 1024K, 0 young (0K), 0 survivors (0K)

[error occurred during error reporting (printing heap information), id 0xc0000005, EXCEPTION_ACCESS_VIOLATION (0xc0000005) at pc=0x00007ffa9dbb1eed]

GC Heap History (0 events):
No events

Deoptimization events (0 events):
No events

Classes unloaded (0 events):
No events

Classes redefined (0 events):
No events

Internal exceptions (0 events):
No events

Events (1 events):
Event: 0.035 Loaded shared library C:\Program Files\Java\jdk-16.0.2\bin\java.dll


Dynamic libraries:
0x00007ff74b150000 - 0x00007ff74b160000 	C:\Program Files\Java\jdk-16.0.2\bin\javaw.exe
0x00007ffadfe50000 - 0x00007ffae0045000 	C:\WINDOWS\SYSTEM32\ntdll.dll
0x00007ffadfc80000 - 0x00007ffadfd3e000 	C:\WINDOWS\System32\KERNEL32.DLL
0x00007ffadd930000 - 0x00007ffaddbf8000 	C:\WINDOWS\System32\KERNELBASE.dll
0x00007ffaddd40000 - 0x00007ffadde40000 	C:\WINDOWS\System32\ucrtbase.dll
0x00007ffad6b50000 - 0x00007ffad6b69000 	C:\Program Files\Java\jdk-16.0.2\bin\VCRUNTIME140.dll
0x00007ffad6df0000 - 0x00007ffad6e08000 	C:\Program Files\Java\jdk-16.0.2\bin\jli.dll
0x00007ffadfd60000 - 0x00007ffadfe0e000 	C:\WINDOWS\System32\ADVAPI32.dll
0x00007ffadedf0000 - 0x00007ffadee8e000 	C:\WINDOWS\System32\msvcrt.dll
0x00007ffadf760000 - 0x00007ffadf7fc000 	C:\WINDOWS\System32\sechost.dll
0x00007ffadf4d0000 - 0x00007ffadf5f5000 	C:\WINDOWS\System32\RPCRT4.dll
0x00007ffadf0c0000 - 0x00007ffadf261000 	C:\WINDOWS\System32\USER32.dll
0x00007ffaddd10000 - 0x00007ffaddd32000 	C:\WINDOWS\System32\win32u.dll
0x00007ffadf660000 - 0x00007ffadf68b000 	C:\WINDOWS\System32\GDI32.dll
0x00007ffadd6c0000 - 0x00007ffadd7cd000 	C:\WINDOWS\System32\gdi32full.dll
0x00007ffadc900000 - 0x00007ffadcb9a000 	C:\WINDOWS\WinSxS\amd64_microsoft.windows.common-controls_6595b64144ccf1df_6.0.19041.1110_none_60b5254171f9507e\COMCTL32.dll
0x00007ffadd890000 - 0x00007ffadd92d000 	C:\WINDOWS\System32\msvcp_win.dll
0x00007ffad5e80000 - 0x00007ffad5e8a000 	C:\WINDOWS\SYSTEM32\VERSION.dll
0x00007ffadf4a0000 - 0x00007ffadf4d0000 	C:\WINDOWS\System32\IMM32.DLL
0x00007ffad9d10000 - 0x00007ffad9d1c000 	C:\Program Files\Java\jdk-16.0.2\bin\vcruntime140_1.dll
0x00007ffac9f80000 - 0x00007ffaca011000 	C:\Program Files\Java\jdk-16.0.2\bin\msvcp140.dll
0x00007ffa9d4f0000 - 0x00007ffa9e09b000 	C:\Program Files\Java\jdk-16.0.2\bin\server\jvm.dll
0x00007ffadfd40000 - 0x00007ffadfd48000 	C:\WINDOWS\System32\PSAPI.DLL
0x00007ffac6830000 - 0x00007ffac6857000 	C:\WINDOWS\SYSTEM32\WINMM.dll
0x00007ffaca740000 - 0x00007ffaca749000 	C:\WINDOWS\SYSTEM32\WSOCK32.dll
0x00007ffadf430000 - 0x00007ffadf49b000 	C:\WINDOWS\System32\WS2_32.dll
0x00007ffadae70000 - 0x00007ffadae82000 	C:\WINDOWS\SYSTEM32\kernel.appcore.dll
0x00007ffadcec0000 - 0x00007ffadceca000 	C:\Program Files\Java\jdk-16.0.2\bin\jimage.dll
0x00007ffadd040000 - 0x00007ffadd224000 	C:\WINDOWS\SYSTEM32\DBGHELP.DLL
0x00007ffadce90000 - 0x00007ffadcebc000 	C:\WINDOWS\SYSTEM32\dbgcore.DLL
0x00007ffadd7d0000 - 0x00007ffadd852000 	C:\WINDOWS\System32\bcryptPrimitives.dll
0x00007ffad65e0000 - 0x00007ffad6605000 	C:\Program Files\Java\jdk-16.0.2\bin\java.dll

dbghelp: loaded successfully - version: 4.0.5 - missing functions: none
symbol engine: initialized successfully - sym options: 0x614 - pdb path: .;C:\Program Files\Java\jdk-16.0.2\bin;C:\WINDOWS\SYSTEM32;C:\WINDOWS\WinSxS\amd64_microsoft.windows.common-controls_6595b64144ccf1df_6.0.19041.1110_none_60b5254171f9507e;C:\Program Files\Java\jdk-16.0.2\bin\server

VM Arguments:
jvm_args: -Dfile.encoding=MS949 -XX:+ShowCodeDetailsInExceptionMessages 
java_command: CMDProgram.CMD
java_class_path (initial): C:\Users\ASUS\Desktop\en#\CMDProgram\bin
Launcher Type: SUN_STANDARD

[Global flags]
     intx CICompilerCount                          = 3                                         {product} {ergonomic}
     uint ConcGCThreads                            = 1                                         {product} {ergonomic}
     uint G1ConcRefinementThreads                  = 4                                         {product} {ergonomic}
   size_t G1HeapRegionSize                         = 1048576                                   {product} {ergonomic}
    uintx GCDrainStackTargetSize                   = 64                                        {product} {ergonomic}
   size_t InitialHeapSize                          = 65011712                                  {product} {ergonomic}
   size_t MarkStackSize                            = 4194304                                   {product} {ergonomic}
   size_t MaxHeapSize                              = 1038090240                                {product} {ergonomic}
   size_t MinHeapDeltaBytes                        = 1048576                                   {product} {ergonomic}
   size_t MinHeapSize                              = 8388608                                   {product} {ergonomic}
    uintx NonNMethodCodeHeapSize                   = 5832780                                {pd product} {ergonomic}
    uintx NonProfiledCodeHeapSize                  = 122912730                              {pd product} {ergonomic}
    uintx ProfiledCodeHeapSize                     = 122912730                              {pd product} {ergonomic}
    uintx ReservedCodeCacheSize                    = 251658240                              {pd product} {ergonomic}
     bool SegmentedCodeCache                       = true                                      {product} {ergonomic}
     bool ShowCodeDetailsInExceptionMessages       = true                                   {manageable} {command line}
   size_t SoftMaxHeapSize                          = 1038090240                             {manageable} {ergonomic}
     bool UseCompressedClassPointers               = true                           {product lp64_product} {ergonomic}
     bool UseCompressedOops                        = true                           {product lp64_product} {ergonomic}
     bool UseG1GC                                  = true                                      {product} {ergonomic}
     bool UseLargePagesIndividualAllocation        = false                                  {pd product} {ergonomic}

Logging:
Log output configuration:
 #0: stdout all=warning uptime,level,tags
 #1: stderr all=off uptime,level,tags

Environment Variables:
PATH=C:/Program Files/Java/jdk-16.0.2/bin/server;C:/Program Files/Java/jdk-16.0.2/bin;C:\Program Files\Common Files\Oracle\Java\javapath;C:\Program Files (x86)\Common Files\Oracle\Java\javapath;C:\Program Files (x86)\Intel\iCLS Client\;C:\Program Files\Intel\iCLS Client\;C:\WINDOWS\system32;C:\WINDOWS;C:\WINDOWS\System32\Wbem;C:\WINDOWS\System32\WindowsPowerShell\v1.0\;C:\Program Files (x86)\Intel\Intel(R) Management Engine Components\DAL;C:\Program Files\Intel\Intel(R) Management Engine Components\DAL;C:\Program Files (x86)\Intel\Intel(R) Management Engine Components\IPT;C:\Program Files\Intel\Intel(R) Management Engine Components\IPT;C:\WINDOWS\System32\OpenSSH\;C:\Program Files\Intel\WiFi\bin\;C:\Program Files\Common Files\Intel\WirelessCommon\;C:\Program Files (x86)\Windows Live\Shared;C:\Program Files\Java\jdk-17\bin;C:\Program Files\Git\cmd;C:\Program Files\dotnet\;C:\Program Files (x86)\dotnet\;C:\Program Files\MySQL\MySQL Server 8.0\bin;C:\Program Files\MySQL\MySQL Shell 8.0\bin\;C:\Users\ASUS\AppData\Local\Programs\Python\Python38-32\Scripts\;C:\Users\ASUS\AppData\Local\Programs\Python\Python38-32\;C:\Users\ASUS\AppData\Local\Microsoft\WindowsApps;;C:\Users\ASUS\Desktop\Microsoft VS Code\bin;C:\Program Files\JetBrains\PyCharm Community Edition 2021.3\bin;;C:\Users\ASUS\.dotnet\tools;C:\Users\ASUS\Desktop;
USERNAME=ASUS
OS=Windows_NT
PROCESSOR_IDENTIFIER=Intel64 Family 6 Model 142 Stepping 10, GenuineIntel



---------------  S Y S T E M  ---------------

OS:
 Windows 10 , 64 bit Build 19041 (10.0.19041.1466)
OS uptime: 9 days 10:24 hours

CPU: total 4 (initial active 4) (2 cores per cpu, 2 threads per core) family 6 model 142 stepping 10 microcode 0xb4, cx8, cmov, fxsr, ht, mmx, 3dnowpref, sse, sse2, sse3, ssse3, sse4.1, sse4.2, popcnt, lzcnt, tsc, tscinvbit, avx, avx2, aes, erms, clmul, bmi1, bmi2, adx, fma, vzeroupper, clflush, clflushopt

Memory: 4k page, system-wide physical 3953M (559M free)
TotalPageFile size 16241M (AvailPageFile size 15M)
current process WorkingSet (physical memory assigned to process): 10M, peak: 10M
current process commit charge ("private bytes"): 51M, peak: 113M

vm_info: Java HotSpot(TM) 64-Bit Server VM (16.0.2+7-67) for windows-amd64 JRE (16.0.2+7-67), built on Jun  8 2021 23:24:19 by "mach5one" with MS VC++ 16.7 (VS2019)

END.
